<?xml version="1.0" encoding="UTF-8"?>
<testng-results ignored="0" total="1" passed="1" failed="0" skipped="0">
  <reporter-output>
  </reporter-output>
  <suite started-at="2026-07-24T14:46:18 IST" name="Default suite" finished-at="2026-07-24T14:47:15 IST" duration-ms="56416">
    <groups>
    </groups>
    <test started-at="2026-07-24T14:46:18 IST" name="Default test" finished-at="2026-07-24T14:47:15 IST" duration-ms="56416">
      <class name="tests.LoginTest">
        <test-method is-config="true" signature="setUp()[pri:0, instance:tests.LoginTest@4982cc36]" started-at="2026-07-24T14:46:18 IST" name="setUp" finished-at="2026-07-24T14:46:34 IST" duration-ms="15223" status="PASS">
          <reporter-output>
          </reporter-output>
        </test-method> <!-- setUp -->
        <test-method signature="verifyLoginNavigation()[pri:0, instance:tests.LoginTest@4982cc36]" started-at="2026-07-24T14:46:34 IST" name="verifyLoginNavigation" description="Verify Complete Login Flow" finished-at="2026-07-24T14:47:13 IST" duration-ms="39545" status="PASS">
          <reporter-output>
          </reporter-output>
        </test-method> <!-- verifyLoginNavigation -->
        <test-method is-config="true" signature="tearDown()[pri:0, instance:tests.LoginTest@4982cc36]" started-at="2026-07-24T14:47:13 IST" name="tearDown" finished-at="2026-07-24T14:47:15 IST" duration-ms="1526" status="PASS">
          <reporter-output>
          </reporter-output>
        </test-method> <!-- tearDown -->
      </class> <!-- tests.LoginTest -->
    </test> <!-- Default test -->
  </suite> <!-- Default suite -->
</testng-results>
