<?xml version="1.0" encoding="UTF-8"?>
<testng-results ignored="0" total="1" passed="1" failed="0" skipped="0">
  <reporter-output>
  </reporter-output>
  <suite started-at="2026-07-24T20:00:51 IST" name="Default suite" finished-at="2026-07-24T20:01:45 IST" duration-ms="53721">
    <groups>
    </groups>
    <test started-at="2026-07-24T20:00:51 IST" name="Default test" finished-at="2026-07-24T20:01:45 IST" duration-ms="53721">
      <class name="tests.PurchaseTest">
        <test-method is-config="true" signature="setUp()[pri:0, instance:tests.PurchaseTest@4982cc36]" started-at="2026-07-24T20:00:51 IST" name="setUp" finished-at="2026-07-24T20:00:56 IST" duration-ms="5307" status="PASS">
          <reporter-output>
          </reporter-output>
        </test-method> <!-- setUp -->
        <test-method signature="verifyPurchaseFlow()[pri:0, instance:tests.PurchaseTest@4982cc36]" started-at="2026-07-24T20:00:56 IST" name="verifyPurchaseFlow" description="Verify Complete Purchase Flow" finished-at="2026-07-24T20:01:44 IST" duration-ms="47651" status="PASS">
          <reporter-output>
          </reporter-output>
        </test-method> <!-- verifyPurchaseFlow -->
        <test-method is-config="true" signature="tearDown()[pri:0, instance:tests.PurchaseTest@4982cc36]" started-at="2026-07-24T20:01:44 IST" name="tearDown" finished-at="2026-07-24T20:01:45 IST" duration-ms="703" status="PASS">
          <reporter-output>
          </reporter-output>
        </test-method> <!-- tearDown -->
      </class> <!-- tests.PurchaseTest -->
    </test> <!-- Default test -->
  </suite> <!-- Default suite -->
</testng-results>
